<?xml version="1.0" encoding="UTF-8"?>
<testsuite xmlns:xsi="http://www.w3.org/2001/XMLSchema-instance" xsi:noNamespaceSchemaLocation="https://maven.apache.org/surefire/maven-surefire-plugin/xsd/surefire-test-report.xsd" name="SimpleTest" time="0.001" tests="4" errors="0" skipped="0" failures="0">
  <properties>
[...]
</properties>
  <testcase name="miscTest" classname="SimpleTest" time="0"/>
  <testcase name="invalidData" classname="SimpleTest" time="0"/>
  <testcase name="reservationTest" classname="SimpleTest" time="0"/>
  <testcase name="holdingTest" classname="SimpleTest" time="0"/>
</testsuite>